<?xml version="1.0" encoding="UTF-8"?>
<!-- Generated by org.testng.reporters.JUnitReportReporter -->
<testsuite hostname="Advik99" failures="0" tests="1" name="testCase.Testchild" time="0.013" errors="0" timestamp="2024-01-16T17:23:58 IST" skipped="0">
  <testcase classname="testCase.Testchild" name="testingfunction" time="0.013"/>
  <system-out/>
</testsuite> <!-- testCase.Testchild -->
